<?xml version="1.0" encoding="UTF-8"?>
<!-- Generated by org.testng.reporters.JUnitXMLReporter -->
<testsuite ignored="0" hostname="DESKTOP-LF8SMFL" failures="0" tests="3" name="Dependency  Test" time="0.008" errors="0" timestamp="2023-02-10T00:41:54 IST">
  <testcase classname="testnglearning.Test3" name="douserReg" time="0.001"/>
  <testcase classname="testnglearning.Test3" name="doLogin" time="0.001"/>
  <testcase classname="testnglearning.Test3" name="isSkip" time="0.001">
    <skipped/>
  </testcase> <!-- isSkip -->
</testsuite> <!-- Dependency  Test -->
