<?xml version="1.0" encoding="UTF-8"?>
<!-- Generated by org.testng.reporters.JUnitXMLReporter -->
<testsuite ignored="0" hostname="DESKTOP-LF8SMFL" failures="1" tests="2" name="Validate Title Test" time="0.01" errors="0" timestamp="2023-02-10T00:41:54 IST">
  <testcase classname="testnglearning.Test1" name="douserReg" time="0.001">
    <failure type="java.lang.AssertionError" message="null">
      <![CDATA[java.lang.AssertionError: null
at testnglearning.Test1.douserReg(Test1.java:44)
at java.base/java.util.ArrayList.forEach(ArrayList.java:1511)
... Removed 29 stack frames]]>
    </failure>
  </testcase> <!-- douserReg -->
  <testcase classname="testnglearning.Test1" name="doLogin" time="0.001"/>
</testsuite> <!-- Validate Title Test -->
